<?xml version="1.0" encoding="UTF-8"?>
<!-- Generated by org.testng.reporters.JUnitXMLReporter -->
<testsuite hostname="DESKTOP-BR3APVB" ignored="0" name="Test" tests="6" failures="2" timestamp="04 Sep 2021 04:41:07 GMT" time="0.101" errors="0">
  <testcase name="testcase_001" time="0.018" classname="sample.DemoTest01"/>
  <testcase name="testcase_002" time="0.006" classname="sample.DemoTest01">
    <failure type="java.lang.AssertionError" message="expected [true] but found [false]">
      <![CDATA[java.lang.AssertionError: expected [true] but found [false]
	at sample.DemoTest01.testcase_002(DemoTest01.java:18)
... Removed 33 stack frames]]>
    </failure>
  </testcase> <!-- testcase_002 -->
  <testcase name="testcase_003" time="0.0" classname="sample.DemoTest01"/>
  <testcase name="testcase_005" time="0.0" classname="sample.DemoTest02">
    <failure type="java.lang.AssertionError" message="expected [true] but found [false]">
      <![CDATA[java.lang.AssertionError: expected [true] but found [false]
	at sample.DemoTest02.testcase_005(DemoTest02.java:18)
... Removed 33 stack frames]]>
    </failure>
  </testcase> <!-- testcase_005 -->
  <testcase name="testcase_004" time="0.0" classname="sample.DemoTest02"/>
  <testcase name="testcase_006" time="0.0" classname="sample.DemoTest02">
    <skipped/>
  </testcase> <!-- testcase_006 -->
</testsuite> <!-- Test -->
